<?xml version="1.0" encoding="UTF-8"?>
<!-- Generated by org.testng.reporters.JUnitXMLReporter -->
<testsuite ignored="0" hostname="Admins-MacBook-Air.local" failures="0" tests="4" name="Default test" time="238.262" errors="0" timestamp="2024-05-06T09:52:25 IST">
  <testcase classname="functional.testing.Testng2" name="testWithChromeOptions" time="78.849"/>
  <testcase classname="functional.testing.Testng2" name="searchfunctionality" time="33.622"/>
  <testcase classname="functional.testing.Testng2" name="content" time="11.092"/>
  <testcase classname="functional.testing.Testng2" name="scrolling" time="103.64"/>
</testsuite> <!-- Default test -->
