<?xml version="1.0" encoding="UTF-8"?>
<testng-results ignored="0" total="4" passed="4" failed="0" skipped="0">
  <reporter-output>
  </reporter-output>
  <suite started-at="2024-05-06T09:48:27 IST" name="Default suite" finished-at="2024-05-06T09:52:25 IST" duration-ms="238262">
    <groups>
    </groups>
    <test started-at="2024-05-06T09:48:27 IST" name="Default test" finished-at="2024-05-06T09:52:25 IST" duration-ms="238262">
      <class name="functional.testing.Testng2">
        <test-method is-config="true" signature="setUp()[pri:0, instance:functional.testing.Testng2@6574a52c]" started-at="2024-05-06T09:48:27 IST" name="setUp" finished-at="2024-05-06T09:48:38 IST" duration-ms="10871" status="PASS">
          <reporter-output>
          </reporter-output>
        </test-method> <!-- setUp -->
        <test-method signature="testWithChromeOptions()[pri:1, instance:functional.testing.Testng2@6574a52c]" started-at="2024-05-06T09:48:38 IST" name="testWithChromeOptions" finished-at="2024-05-06T09:49:56 IST" duration-ms="78849" status="PASS">
          <reporter-output>
          </reporter-output>
        </test-method> <!-- testWithChromeOptions -->
        <test-method signature="searchfunctionality()[pri:2, instance:functional.testing.Testng2@6574a52c]" started-at="2024-05-06T09:49:56 IST" name="searchfunctionality" finished-at="2024-05-06T09:50:30 IST" duration-ms="33622" status="PASS">
          <reporter-output>
          </reporter-output>
        </test-method> <!-- searchfunctionality -->
        <test-method signature="content()[pri:3, instance:functional.testing.Testng2@6574a52c]" started-at="2024-05-06T09:50:30 IST" name="content" finished-at="2024-05-06T09:50:41 IST" duration-ms="11092" status="PASS">
          <reporter-output>
          </reporter-output>
        </test-method> <!-- content -->
        <test-method signature="scrolling()[pri:4, instance:functional.testing.Testng2@6574a52c]" started-at="2024-05-06T09:50:41 IST" name="scrolling" finished-at="2024-05-06T09:52:25 IST" duration-ms="103640" status="PASS">
          <reporter-output>
          </reporter-output>
        </test-method> <!-- scrolling -->
      </class> <!-- functional.testing.Testng2 -->
    </test> <!-- Default test -->
  </suite> <!-- Default suite -->
</testng-results>
